used_navigator: {"success":true,"reached_goal":true}
story_imported: {"filename":"Ad Verbum.z5"}
story_completed: {"story":"9:05"}
story_completed: {"story":"9:05"}
story_imported: {"filename":"Trinity Remythologized.zblorb"}
story_imported: {"filename":"thejob.z5"}
used_navigator: {"success":true,"reached_goal":true}
used_navigator: {"success":true,"reached_goal":true}
used_navigator: {"success":true,"reached_goal":true}
entered_command: {"command":"/quit"}
story_imported: {"filename":"Cutthroats.z3"}
story_imported: {"filename":"zork1.z5"}
story_imported: {"filename":"zork1.z5"}
entered_command: {"command":"/clear save"}
entered_command: {"command":"/quit"}
entered_command: {"command":"/quit"}
entered_command: {"command":"/quit"}
story_imported: {"filename":"Suspect.z3"}
entered_command: {"command":"/clear map"}
entered_command: {"command":"/quit"}
entered_command: {"command":"/save"}
entered_command: {"command":"/quit"}
used_navigator: {"success":true,"reached_goal":false}
entered_command: {"command":"/help"}
entered_command: {"command":"/help"}
entered_command: {"command":"/quit"}
story_imported: {"filename":"Suspect.z3"}
entered_command: {"command":"/help"}
entered_command: {"command":"/help"}
entered_command: {"command":"/help"}
entered_command: {"command":"/clear map"}
story_imported: {"filename":"dd.z8"}
used_autocomplete: {"word":"mailbox"}
used_navigator: {"success":true,"reached_goal":false}
used_navigator: {"success":true,"reached_goal":false}
used_navigator: {"success":true,"reached_goal":true}
used_navigator: {"success":true,"reached_goal":false}
used_autocomplete: {"word":"curtain"}
used_autocomplete: {"word":"Curtain"}
entered_command: {"command":"/note no water;"}
added_note: {"note":" no water"}
entered_command: {"command":"/note curtain;"}
added_note: {"note":" curtain"}
used_autocomplete: {"word":"bench"}
entered_command: {"command":"/note red thing;"}
added_note: {"note":" red thing"}
entered_command: {"command":"/note statue;"}
added_note: {"note":" statue"}
entered_command: {"command":"/note slot machine;"}
added_note: {"note":" slot machine"}
entered_command: {"command":"/note marks;"}
added_note: {"note":" marks"}
used_autocomplete: {"word":"chair"}
used_autocomplete: {"word":"DEHYDRATED"}
used_autocomplete: {"word":"looters"}
used_autocomplete: {"word":"MOSSFURESSENCE"}
entered_command: {"command":"/help"}
entered_command: {"command":"/help"}
story_imported: {"filename":"zork1.z5"}
used_navigator: {"success":false}
used_navigator: {"success":true,"reached_goal":false}
used_navigator: {"success":false}
used_navigator: {"success":false}
story_starred: {"story":"Praser 5"}
used_autocomplete: {"word":"monolith"}
used_autocomplete: {"word":"monolith"}
used_autocomplete: {"word":"Hypborea"}
used_navigator: {"success":true,"reached_goal":false}
entered_command: {"command":"/quit"}
story_starred: {"story":"A New Day"}
used_autocomplete: {"word":"Jonathan"}
used_navigator: {"success":false}
used_autocomplete: {"word":"Parliament"}
used_navigator: {"success":true,"reached_goal":true}
entered_command: {"command":"/note locked chest;"}
added_note: {"note":" locked chest"}
used_navigator: {"success":true,"reached_goal":true}
entered_command: {"command":"/clear map"}
used_autocomplete: {"word":"Fountain Room"}
entered_command: {"command":"/goto Fountain Room;"}
used_navigator: {"success":true,"reached_goal":true}
used_autocomplete: {"word":"Fountain Room"}
entered_command: {"command":"/goto Fountain Room;"}
used_navigator: {"success":true,"reached_goal":true}
used_autocomplete: {"word":"Squirty"}
entered_command: {"command":"/note sss;"}
added_note: {"note":" sss"}
entered_command: {"command":"/clear notes"}
used_autocomplete: {"word":"Fountain Room"}
entered_command: {"command":"/goto Fountain Room;"}
used_navigator: {"success":true,"reached_goal":true}
entered_command: {"command":"/goto hole;"}
used_navigator: {"success":true,"reached_goal":true}
entered_command: {"command":"/goto Fountain Room;"}
used_autocomplete: {"word":"Fountain Room"}
used_navigator: {"success":true,"reached_goal":true}
used_autocomplete: {"word":"Gnome Room"}
entered_command: {"command":"/goto Gnome Room;"}
used_navigator: {"success":true,"reached_goal":true}
used_navigator: {"success":true,"reached_goal":true}
used_autocomplete: {"word":"Shelf Room"}
entered_command: {"command":"/goto Shelf Room;"}
used_autocomplete: {"word":"Table Room"}
entered_command: {"command":"/goto Table Room;"}
used_navigator: {"success":true,"reached_goal":true}
used_autocomplete: {"word":"Gnome Room"}
entered_command: {"command":"/goto Gnome Room;"}
used_navigator: {"success":true,"reached_goal":true}
used_autocomplete: {"word":"Cave With Stream"}
entered_command: {"command":"/goto Cave With Stream;"}
used_navigator: {"success":true,"reached_goal":true}
used_autocomplete: {"word":"Shelf Room"}
entered_command: {"command":"/goto Shelf Room;"}
used_navigator: {"success":true,"reached_goal":true}
used_autocomplete: {"word":"Fountain Room"}
entered_command: {"command":"/goto Fountain Room;"}
used_navigator: {"success":true,"reached_goal":true}
entered_command: {"command":"/goto hole;"}
used_navigator: {"success":true,"reached_goal":true}
used_autocomplete: {"word":"Fountain Room"}
entered_command: {"command":"/goto Fountain Room;"}
used_navigator: {"success":true,"reached_goal":true}
entered_command: {"command":"/goto hole;"}
used_navigator: {"success":true,"reached_goal":true}
entered_command: {"command":"/goto gn;"}
used_autocomplete: {"word":"Gnome Room"}
entered_command: {"command":"/goto Gnome Room;"}
used_navigator: {"success":true,"reached_goal":true}
used_autocomplete: {"word":"Fountain Room"}
entered_command: {"command":"/goto Fountain Room;"}
used_navigator: {"success":true,"reached_goal":true}
used_autocomplete: {"word":"Table Room"}
entered_command: {"command":"/goto Table Room;"}
used_navigator: {"success":true,"reached_goal":true}
used_autocomplete: {"word":"Fountain Room"}
entered_command: {"command":"/goto Fountain Room;"}
used_navigator: {"success":true,"reached_goal":true}
used_autocomplete: {"word":"Gnome Room"}
entered_command: {"command":"/goto Gnome Room;"}
used_navigator: {"success":true,"reached_goal":true}
used_autocomplete: {"word":"Gnome Room"}
entered_command: {"command":"/goto Gnome Room;"}
used_navigator: {"success":true,"reached_goal":true}
used_autocomplete: {"word":"Cave With Stream"}
used_navigator: {"success":true,"reached_goal":true}
entered_command: {"command":"/goto Cave With Stream;"}
used_autocomplete: {"word":"Gnome Room"}
entered_command: {"command":"/goto Gnome Room;"}
used_navigator: {"success":true,"reached_goal":true}
used_autocomplete: {"word":"Gnome Room"}
entered_command: {"command":"/goto Gnome Room;"}
used_navigator: {"success":true,"reached_goal":true}
used_autocomplete: {"word":"Fountain Room"}
entered_command: {"command":"/goto Fountain Room;"}
used_navigator: {"success":true,"reached_goal":true}
entered_command: {"command":"/quit"}
story_starred: {"story":"Lost Pig"}
used_navigator: {"success":true,"reached_goal":false}
used_navigator: {"success":true,"reached_goal":true}
used_navigator: {"success":true,"reached_goal":true}
used_navigator: {"success":true,"reached_goal":true}
used_autocomplete: {"word":"bench"}
used_navigator: {"success":true,"reached_goal":false}
used_navigator: {"success":true,"reached_goal":false}
entered_command: {"command":"/help"}
used_navigator: {"success":true,"reached_goal":true}
used_navigator: {"success":true,"reached_goal":false}
used_navigator: {"success":true,"reached_goal":false}
used_navigator: {"success":true,"reached_goal":false}
used_navigator: {"success":false}
used_autocomplete: {"word":"expressed"}
used_navigator: {"success":true,"reached_goal":false}
used_navigator: {"success":true,"reached_goal":false}
used_navigator: {"success":true,"reached_goal":true}
entered_command: {"command":"/help"}
entered_command: {"command":"/help"}
entered_command: {"command":"/help"}
story_completed: {"story":"Adventureland"}
story_starred: {"story":"Adventureland"}
story_starred: {"story":"Anchorhead"}
story_starred: {"story":"Ballyhoo"}
story_starred: {"story":"Border Zone"}
story_starred: {"story":"Bronze"}
story_starred: {"story":"Countdown to Doom"}
story_starred: {"story":"Curses"}
story_starred: {"story":"Deadline"}
story_starred: {"story":"Enchanter"}
story_starred: {"story":"Infidel"}
story_starred: {"story":"Last Days of Doom"}
story_starred: {"story":"Leather Goddesses of Phobos"}
story_starred: {"story":"Lost Pig"}
story_starred: {"story":"Moonmist"}
story_starred: {"story":"Photopia"}
story_starred: {"story":"Planetfall"}
story_starred: {"story":"Plundered Hearts"}
story_starred: {"story":"Return to Doom"}
story_starred: {"story":"Savoir-Faire"}
story_starred: {"story":"Seastalker"}
story_starred: {"story":"Sorcerer"}
story_starred: {"story":"Spellbreaker"}
story_starred: {"story":"Spider And Web"}
story_starred: {"story":"Starcross"}
story_starred: {"story":"Stationfall"}
story_starred: {"story":"Suspect"}
story_starred: {"story":"Suspended"}
story_starred: {"story":"The Gostak"}
story_starred: {"story":"The Lurking Horror"}
story_starred: {"story":"The Witness"}
story_starred: {"story":"Varicella"}
story_starred: {"story":"Wishbringer"}
story_starred: {"story":"ZDungeon"}
used_navigator: {"success":true,"reached_goal":false}
story_starred: {"story":"A Change in the Weather"}
story_starred: {"story":"All Roads"}
story_starred: {"story":"All Things Devours"}
used_autocomplete: {"word":"/note"}
used_autocomplete: {"word":"/note"}
entered_command: {"command":"/note brook;"}
added_note: {"note":" brook"}
entered_command: {"command":"/note brook;"}
added_note: {"note":" brook"}
used_navigator: {"success":true,"reached_goal":true}
used_navigator: {"success":false}
used_navigator: {"success":false}
used_navigator: {"success":true,"reached_goal":true}
used_navigator: {"success":true,"reached_goal":true}
used_navigator: {"success":true,"reached_goal":true}
entered_command: {"command":"/help"}
story_completed: {"story":"Shade"}
story_completed: {"story":"Spider And Web"}
story_completed: {"story":"Suveh Nux"}
story_completed: {"story":"The Dreamhold"}
story_completed: {"story":"Wishbringer"}
story_completed: {"story":"Plundered Hearts"}
story_completed: {"story":"Metamorphoses"}
story_completed: {"story":"Lost Pig"}
story_completed: {"story":"Hoist Sail for the Heliopause and Home"}
story_completed: {"story":"Gourmet"}
story_completed: {"story":"Bronze"}
story_completed: {"story":"9:05"}
entered_command: {"command":"/help"}
entered_command: {"command":"/note Black powder on fire, can be put out with water;"}
added_note: {"note":" Black powder on fire, can be put out with water"}
entered_command: {"command":"/note horizontal purple rod with yellow around and food under it???;"}
added_note: {"note":" horizontal purple rod with yellow around and food under it???"}
entered_command: {"command":"/note Fountain;"}
added_note: {"note":" Fountain"}
entered_command: {"command":"/note vending machine;"}
added_note: {"note":" vending machine"}
entered_command: {"command":"/note reddish thing on other side of stream;"}
added_note: {"note":" reddish thing on other side of stream"}
entered_command: {"command":"/notes"}
entered_command: {"command":"/notes"}
entered_command: {"command":"/note locked chest;"}
added_note: {"note":" locked chest"}
entered_command: {"command":"/help"}
used_navigator: {"success":true,"reached_goal":true}
entered_command: {"command":"/notes"}
entered_command: {"command":"/notes"}
entered_command: {"command":"/note paper in crack;"}
added_note: {"note":" paper in crack"}
story_imported: {"filename":"amfv-first-r1-s841226.z3"}
used_autocomplete: {"word":"west"}
used_navigator: {"success":true,"reached_goal":false}
used_navigator: {"success":true,"reached_goal":false}
used_navigator: {"success":true,"reached_goal":true}
used_navigator: {"success":true,"reached_goal":true}
used_navigator: {"success":true,"reached_goal":true}
used_navigator: {"success":true,"reached_goal":false}
used_navigator: {"success":true,"reached_goal":true}
used_navigator: {"success":true,"reached_goal":true}
used_navigator: {"success":true,"reached_goal":true}
used_navigator: {"success":true,"reached_goal":true}
used_navigator: {"success":true,"reached_goal":true}
used_navigator: {"success":true,"reached_goal":true}
entered_command: {"command":"/see balcony;"}
entered_command: {"command":"/see balony;"}
entered_command: {"command":"/see Balcony;"}
entered_command: {"command":"/see bedroom;"}
used_navigator: {"success":true,"reached_goal":false}
used_autocomplete: {"word":"Wait"}
used_autocomplete: {"word":"eat"}
used_autocomplete: {"word":"leads"}
used_navigator: {"success":false}
used_autocomplete: {"word":"us"}
story_imported: {"filename":"enchanter.z3"}
story_imported: {"filename":"hello_world.z8"}
used_autocomplete: {"word":"science"}
used_navigator: {"success":false}
story_completed: {"story":"The Magic Toyshop"}
entered_command: {"command":"/help"}
entered_command: {"command":"/note wow;"}
added_note: {"note":" wow"}
entered_command: {"command":"/notes"}
entered_command: {"command":"/notes"}
used_autocomplete: {"word":"Ground Floor Stacks"}
entered_command: {"command":"/room-notes Ground Floor Stacks;"}
used_autocomplete: {"word":"Ground Floor Stacks"}
entered_command: {"command":"/see Ground Floor Stacks;"}
entered_command: {"command":"/see me;"}
used_navigator: {"success":true,"reached_goal":true}
used_navigator: {"success":true,"reached_goal":true}
used_navigator: {"success":true,"reached_goal":true}
used_navigator: {"success":true,"reached_goal":true}
used_navigator: {"success":true,"reached_goal":true}
used_navigator: {"success":true,"reached_goal":true}
entered_command: {"command":"/quit"}
story_starred: {"story":"9:05"}
story_completed: {"story":"9:05"}
story_starred: {"story":"9:05"}
story_completed: {"story":"9:05"}
story_completed: {"story":"A Bear's Night Out"}
used_autocomplete: {"word":"West of House"}
entered_command: {"command":"/goto West of House;"}
used_navigator: {"success":true,"reached_goal":false}
entered_command: {"command":"/quit"}
entered_command: {"command":"/quit"}
entered_command: {"command":"/quit"}
